#
# There is insufficient memory for the Java Runtime Environment to continue.
# Native memory allocation (malloc) failed to allocate 1048576 bytes for AllocateHeap
# Possible reasons:
#   The system is out of physical RAM or swap space
#   The process is running with CompressedOops enabled, and the Java Heap may be blocking the growth of the native heap
# Possible solutions:
#   Reduce memory load on the system
#   Increase physical memory or swap space
#   Check if swap backing store is full
#   Decrease Java heap size (-Xmx/-Xms)
#   Decrease number of Java threads
#   Decrease Java thread stack sizes (-Xss)
#   Set larger code cache with -XX:ReservedCodeCacheSize=
#   JVM is running with Unscaled Compressed Oops mode in which the Java heap is
#     placed in the first 4GB address space. The Java Heap base address is the
#     maximum limit for the native heap growth. Please use -XX:HeapBaseMinAddress
#     to set the Java Heap base and to place the Java Heap above 4GB virtual address.
# This output file may be truncated or incomplete.
#
#  Out of Memory Error (./open/src/hotspot/share/memory/allocation.cpp:44), pid=24004, tid=24080
#
# JRE version: OpenJDK Runtime Environment (15.0.2+7) (build 15.0.2+7-27)
# Java VM: OpenJDK 64-Bit Server VM (15.0.2+7-27, mixed mode, tiered, compressed oops, g1 gc, windows-amd64)
# No core dump will be written. Minidumps are not enabled by default on client versions of Windows
#

---------------  S U M M A R Y ------------

Command Line: -Dfile.encoding=Cp1252 --module-path=C:\Users\cda\Desktop\CDA\Ptimos\bin -XX:+ShowCodeDetailsInExceptionMessages -Djdk.module.main=Ptimos Ptimos/Ptimos.Hand

Host: Intel(R) Core(TM) i5-6300U CPU @ 2.40GHz, 4 cores, 7G,  Windows 10 , 64 bit Build 18362 (10.0.18362.1350)
Time: Mon Mar  1 16:22:19 2021 Paris, Madrid elapsed time: 0.168197 seconds (0d 0h 0m 0s)

---------------  T H R E A D  ---------------

Current thread (0x0000028ec4d4aa30):  VMThread "VM Thread" [stack: 0x000000be8c800000,0x000000be8c900000] [id=24080]

Stack: [0x000000be8c800000,0x000000be8c900000]
[error occurred during error reporting (printing stack bounds), id 0xc0000005, EXCEPTION_ACCESS_VIOLATION (0xc0000005) at pc=0x0000028eae5f10ad]

Native frames: (J=compiled Java code, j=interpreted, Vv=VM code, C=native code)
V  [jvm.dll+0x62ae9a]
V  [jvm.dll+0x7817a9]
V  [jvm.dll+0x782f03]
V  [jvm.dll+0x7834c5]
V  [jvm.dll+0x78347b]
V  [jvm.dll+0x62a2b9]
V  [jvm.dll+0x62aa88]
C  [ntdll.dll+0xa1eef]
C  [ntdll.dll+0x6aad9]
C  [ntdll.dll+0xa0b5e]
C  0x0000028eae5f10ad

VM_Operation (0x000000be8c2fc720): CollectForMetadataAllocation, mode: safepoint, requested by thread 0x0000028ea4bbf8a0


---------------  P R O C E S S  ---------------

Threads class SMR info:
_java_thread_list=0x0000028ec56dfae0, length=10, elements={
0x0000028ea4bbf8a0, 0x0000028ec4d60390, 0x0000028ec4d60e70, 0x0000028ec55b04c0,
0x0000028ec55b2d90, 0x0000028ec55b3750, 0x0000028ec55b44f0, 0x0000028ec5624bf0,
0x0000028ec562b130, 0x0000028ec4ce3180
}

Java Threads: ( => current thread )
  0x0000028ea4bbf8a0 JavaThread "main" [_thread_blocked, id=24052, stack(0x000000be8c200000,0x000000be8c300000)]
  0x0000028ec4d60390 JavaThread "Reference Handler" daemon [_thread_blocked, id=24084, stack(0x000000be8c900000,0x000000be8ca00000)]
  0x0000028ec4d60e70 JavaThread "Finalizer" daemon [_thread_blocked, id=24088, stack(0x000000be8ca00000,0x000000be8cb00000)]
  0x0000028ec55b04c0 JavaThread "Signal Dispatcher" daemon [_thread_blocked, id=24092, stack(0x000000be8cb00000,0x000000be8cc00000)]
  0x0000028ec55b2d90 JavaThread "Attach Listener" daemon [_thread_blocked, id=24096, stack(0x000000be8cc00000,0x000000be8cd00000)]
  0x0000028ec55b3750 JavaThread "Service Thread" daemon [_thread_blocked, id=24100, stack(0x000000be8cd00000,0x000000be8ce00000)]
  0x0000028ec55b44f0 JavaThread "C2 CompilerThread0" daemon [_thread_blocked, id=24104, stack(0x000000be8ce00000,0x000000be8cf00000)]
  0x0000028ec5624bf0 JavaThread "C1 CompilerThread0" daemon [_thread_blocked, id=24108, stack(0x000000be8cf00000,0x000000be8d000000)]
  0x0000028ec562b130 JavaThread "Sweeper thread" daemon [_thread_blocked, id=24112, stack(0x000000be8d000000,0x000000be8d100000)]
  0x0000028ec4ce3180 JavaThread "Common-Cleaner" daemon [_thread_blocked, id=24116, stack(0x000000be8d100000,0x000000be8d200000)]

Other Threads:
=>0x0000028ec4d4aa30 VMThread "VM Thread" [stack: 0x000000be8c800000,0x000000be8c900000] [id=24080]
  0x0000028ea4bfea60 GCTaskThread "GC Thread#0" [stack: 0x000000be8c300000,0x000000be8c400000] [id=24056]
  0x0000028ec4ce3cf0 GCTaskThread "GC Thread#1" [stack: 0x000000be8d200000,0x000000be8d300000] [id=24120]
  0x0000028ec575afd0 GCTaskThread "GC Thread#2" [stack: 0x000000be8d300000,0x000000be8d400000] [id=24124]
  0x0000028ea4c11860 ConcurrentGCThread "G1 Main Marker" [stack: 0x000000be8c400000,0x000000be8c500000] [id=24060]
  0x0000028ea4c14380 ConcurrentGCThread "G1 Conc#0" [stack: 0x000000be8c500000,0x000000be8c600000] [id=24064]
  0x0000028ea4c8af80 ConcurrentGCThread "G1 Refine#0" [stack: 0x000000be8c600000,0x000000be8c700000] [id=24068]
  0x0000028ea4c8ba90 ConcurrentGCThread "G1 Young RemSet Sampling" [stack: 0x000000be8c700000,0x000000be8c800000] [id=24072]

Threads with active compile tasks:

VM state: at safepoint (normal execution)

VM Mutex/Monitor currently owned by a thread:  ([mutex/lock_event])
[0x0000028ea4bbcea0] Threads_lock - owner thread: 0x0000028ec4d4aa30
[0x0000028ea4bbcb40] Heap_lock - owner thread: 0x0000028ea4bbf8a0

Heap address: 0x0000000082000000, size: 2016 MB, Compressed Oops mode: 32-bit
CDS disabled.
Compressed class space mapped at: 0x0000000100000000-0x0000000140000000, size: 1073741824
Narrow klass base: 0x0000000000000000, Narrow klass shift: 3, Narrow klass range: 0x140000000

GC Precious Log:
 CPUs: 4 total, 4 available
 Memory: 8059M
 Large Page Support: Disabled
 NUMA Support: Disabled
 Compressed Oops: Enabled (32-bit)
 Heap Region Size: 1M
 Heap Min Capacity: 8M
 Heap Initial Capacity: 126M
 Heap Max Capacity: 2016M
 Pre-touch: Disabled
 Parallel Workers: 4
 Concurrent Workers: 1
 Concurrent Refinement Workers: 4
 Periodic GC: Disabled

Heap:
 garbage-first heap   total 129024K, used 524K [0x0000000082000000, 0x0000000100000000)
  region size 1024K, 1 young (1024K), 1 survivors (1024K)
 Metaspace       used 4769K, capacity 4817K, committed 4992K, reserved 1056768K
  class space    used 375K, capacity 384K, committed 384K, reserved 1048576K

Heap Regions: E=young(eden), S=young(survivor), O=old, HS=humongous(starts), HC=humongous(continues), CS=collection set, F=free, OA=open archive, CA=closed archive, TAMS=top-at-mark-start (previous, next)
|   0|0x0000000082000000, 0x0000000082000000, 0x0000000082100000|  0%| F|  |TAMS 0x0000000082000000, 0x0000000082000000| Untracked 
|   1|0x0000000082100000, 0x0000000082100000, 0x0000000082200000|  0%| F|  |TAMS 0x0000000082100000, 0x0000000082100000| Untracked 
|   2|0x0000000082200000, 0x0000000082200000, 0x0000000082300000|  0%| F|  |TAMS 0x0000000082200000, 0x0000000082200000| Untracked 
|   3|0x0000000082300000, 0x0000000082300000, 0x0000000082400000|  0%| F|  |TAMS 0x0000000082300000, 0x0000000082300000| Untracked 
|   4|0x0000000082400000, 0x0000000082400000, 0x0000000082500000|  0%| F|  |TAMS 0x0000000082400000, 0x0000000082400000| Untracked 
|   5|0x0000000082500000, 0x0000000082500000, 0x0000000082600000|  0%| F|  |TAMS 0x0000000082500000, 0x0000000082500000| Untracked 
|   6|0x0000000082600000, 0x0000000082600000, 0x0000000082700000|  0%| F|  |TAMS 0x0000000082600000, 0x0000000082600000| Untracked 
|   7|0x0000000082700000, 0x0000000082700000, 0x0000000082800000|  0%| F|  |TAMS 0x0000000082700000, 0x0000000082700000| Untracked 
|   8|0x0000000082800000, 0x0000000082800000, 0x0000000082900000|  0%| F|  |TAMS 0x0000000082800000, 0x0000000082800000| Untracked 
|   9|0x0000000082900000, 0x0000000082900000, 0x0000000082a00000|  0%| F|  |TAMS 0x0000000082900000, 0x0000000082900000| Untracked 
|  10|0x0000000082a00000, 0x0000000082a00000, 0x0000000082b00000|  0%| F|  |TAMS 0x0000000082a00000, 0x0000000082a00000| Untracked 
|  11|0x0000000082b00000, 0x0000000082b00000, 0x0000000082c00000|  0%| F|  |TAMS 0x0000000082b00000, 0x0000000082b00000| Untracked 
|  12|0x0000000082c00000, 0x0000000082c00000, 0x0000000082d00000|  0%| F|  |TAMS 0x0000000082c00000, 0x0000000082c00000| Untracked 
|  13|0x0000000082d00000, 0x0000000082d00000, 0x0000000082e00000|  0%| F|  |TAMS 0x0000000082d00000, 0x0000000082d00000| Untracked 
|  14|0x0000000082e00000, 0x0000000082e00000, 0x0000000082f00000|  0%| F|  |TAMS 0x0000000082e00000, 0x0000000082e00000| Untracked 
|  15|0x0000000082f00000, 0x0000000082f00000, 0x0000000083000000|  0%| F|  |TAMS 0x0000000082f00000, 0x0000000082f00000| Untracked 
|  16|0x0000000083000000, 0x0000000083000000, 0x0000000083100000|  0%| F|  |TAMS 0x0000000083000000, 0x0000000083000000| Untracked 
|  17|0x0000000083100000, 0x0000000083100000, 0x0000000083200000|  0%| F|  |TAMS 0x0000000083100000, 0x0000000083100000| Untracked 
|  18|0x0000000083200000, 0x0000000083200000, 0x0000000083300000|  0%| F|  |TAMS 0x0000000083200000, 0x0000000083200000| Untracked 
|  19|0x0000000083300000, 0x0000000083300000, 0x0000000083400000|  0%| F|  |TAMS 0x0000000083300000, 0x0000000083300000| Untracked 
|  20|0x0000000083400000, 0x0000000083400000, 0x0000000083500000|  0%| F|  |TAMS 0x0000000083400000, 0x0000000083400000| Untracked 
|  21|0x0000000083500000, 0x0000000083500000, 0x0000000083600000|  0%| F|  |TAMS 0x0000000083500000, 0x0000000083500000| Untracked 
|  22|0x0000000083600000, 0x0000000083600000, 0x0000000083700000|  0%| F|  |TAMS 0x0000000083600000, 0x0000000083600000| Untracked 
|  23|0x0000000083700000, 0x0000000083700000, 0x0000000083800000|  0%| F|  |TAMS 0x0000000083700000, 0x0000000083700000| Untracked 
|  24|0x0000000083800000, 0x0000000083800000, 0x0000000083900000|  0%| F|  |TAMS 0x0000000083800000, 0x0000000083800000| Untracked 
|  25|0x0000000083900000, 0x0000000083900000, 0x0000000083a00000|  0%| F|  |TAMS 0x0000000083900000, 0x0000000083900000| Untracked 
|  26|0x0000000083a00000, 0x0000000083a00000, 0x0000000083b00000|  0%| F|  |TAMS 0x0000000083a00000, 0x0000000083a00000| Untracked 
|  27|0x0000000083b00000, 0x0000000083b00000, 0x0000000083c00000|  0%| F|  |TAMS 0x0000000083b00000, 0x0000000083b00000| Untracked 
|  28|0x0000000083c00000, 0x0000000083c00000, 0x0000000083d00000|  0%| F|  |TAMS 0x0000000083c00000, 0x0000000083c00000| Untracked 
|  29|0x0000000083d00000, 0x0000000083d00000, 0x0000000083e00000|  0%| F|  |TAMS 0x0000000083d00000, 0x0000000083d00000| Untracked 
|  30|0x0000000083e00000, 0x0000000083e00000, 0x0000000083f00000|  0%| F|  |TAMS 0x0000000083e00000, 0x0000000083e00000| Untracked 
|  31|0x0000000083f00000, 0x0000000083f00000, 0x0000000084000000|  0%| F|  |TAMS 0x0000000083f00000, 0x0000000083f00000| Untracked 
|  32|0x0000000084000000, 0x0000000084000000, 0x0000000084100000|  0%| F|  |TAMS 0x0000000084000000, 0x0000000084000000| Untracked 
|  33|0x0000000084100000, 0x0000000084100000, 0x0000000084200000|  0%| F|  |TAMS 0x0000000084100000, 0x0000000084100000| Untracked 
|  34|0x0000000084200000, 0x0000000084200000, 0x0000000084300000|  0%| F|  |TAMS 0x0000000084200000, 0x0000000084200000| Untracked 
|  35|0x0000000084300000, 0x0000000084300000, 0x0000000084400000|  0%| F|  |TAMS 0x0000000084300000, 0x0000000084300000| Untracked 
|  36|0x0000000084400000, 0x0000000084400000, 0x0000000084500000|  0%| F|  |TAMS 0x0000000084400000, 0x0000000084400000| Untracked 
|  37|0x0000000084500000, 0x0000000084500000, 0x0000000084600000|  0%| F|  |TAMS 0x0000000084500000, 0x0000000084500000| Untracked 
|  38|0x0000000084600000, 0x0000000084600000, 0x0000000084700000|  0%| F|  |TAMS 0x0000000084600000, 0x0000000084600000| Untracked 
|  39|0x0000000084700000, 0x0000000084700000, 0x0000000084800000|  0%| F|  |TAMS 0x0000000084700000, 0x0000000084700000| Untracked 
|  40|0x0000000084800000, 0x0000000084800000, 0x0000000084900000|  0%| F|  |TAMS 0x0000000084800000, 0x0000000084800000| Untracked 
|  41|0x0000000084900000, 0x0000000084900000, 0x0000000084a00000|  0%| F|  |TAMS 0x0000000084900000, 0x0000000084900000| Untracked 
|  42|0x0000000084a00000, 0x0000000084a00000, 0x0000000084b00000|  0%| F|  |TAMS 0x0000000084a00000, 0x0000000084a00000| Untracked 
|  43|0x0000000084b00000, 0x0000000084b00000, 0x0000000084c00000|  0%| F|  |TAMS 0x0000000084b00000, 0x0000000084b00000| Untracked 
|  44|0x0000000084c00000, 0x0000000084c00000, 0x0000000084d00000|  0%| F|  |TAMS 0x0000000084c00000, 0x0000000084c00000| Untracked 
|  45|0x0000000084d00000, 0x0000000084d00000, 0x0000000084e00000|  0%| F|  |TAMS 0x0000000084d00000, 0x0000000084d00000| Untracked 
|  46|0x0000000084e00000, 0x0000000084e00000, 0x0000000084f00000|  0%| F|  |TAMS 0x0000000084e00000, 0x0000000084e00000| Untracked 
|  47|0x0000000084f00000, 0x0000000084f00000, 0x0000000085000000|  0%| F|  |TAMS 0x0000000084f00000, 0x0000000084f00000| Untracked 
|  48|0x0000000085000000, 0x0000000085000000, 0x0000000085100000|  0%| F|  |TAMS 0x0000000085000000, 0x0000000085000000| Untracked 
|  49|0x0000000085100000, 0x0000000085100000, 0x0000000085200000|  0%| F|  |TAMS 0x0000000085100000, 0x0000000085100000| Untracked 
|  50|0x0000000085200000, 0x0000000085200000, 0x0000000085300000|  0%| F|  |TAMS 0x0000000085200000, 0x0000000085200000| Untracked 
|  51|0x0000000085300000, 0x0000000085300000, 0x0000000085400000|  0%| F|  |TAMS 0x0000000085300000, 0x0000000085300000| Untracked 
|  52|0x0000000085400000, 0x0000000085400000, 0x0000000085500000|  0%| F|  |TAMS 0x0000000085400000, 0x0000000085400000| Untracked 
|  53|0x0000000085500000, 0x0000000085500000, 0x0000000085600000|  0%| F|  |TAMS 0x0000000085500000, 0x0000000085500000| Untracked 
|  54|0x0000000085600000, 0x0000000085600000, 0x0000000085700000|  0%| F|  |TAMS 0x0000000085600000, 0x0000000085600000| Untracked 
|  55|0x0000000085700000, 0x0000000085700000, 0x0000000085800000|  0%| F|  |TAMS 0x0000000085700000, 0x0000000085700000| Untracked 
|  56|0x0000000085800000, 0x0000000085800000, 0x0000000085900000|  0%| F|  |TAMS 0x0000000085800000, 0x0000000085800000| Untracked 
|  57|0x0000000085900000, 0x0000000085900000, 0x0000000085a00000|  0%| F|  |TAMS 0x0000000085900000, 0x0000000085900000| Untracked 
|  58|0x0000000085a00000, 0x0000000085a00000, 0x0000000085b00000|  0%| F|  |TAMS 0x0000000085a00000, 0x0000000085a00000| Untracked 
|  59|0x0000000085b00000, 0x0000000085b00000, 0x0000000085c00000|  0%| F|  |TAMS 0x0000000085b00000, 0x0000000085b00000| Untracked 
|  60|0x0000000085c00000, 0x0000000085c00000, 0x0000000085d00000|  0%| F|  |TAMS 0x0000000085c00000, 0x0000000085c00000| Untracked 
|  61|0x0000000085d00000, 0x0000000085d00000, 0x0000000085e00000|  0%| F|  |TAMS 0x0000000085d00000, 0x0000000085d00000| Untracked 
|  62|0x0000000085e00000, 0x0000000085e00000, 0x0000000085f00000|  0%| F|  |TAMS 0x0000000085e00000, 0x0000000085e00000| Untracked 
|  63|0x0000000085f00000, 0x0000000085f00000, 0x0000000086000000|  0%| F|  |TAMS 0x0000000085f00000, 0x0000000085f00000| Untracked 
|  64|0x0000000086000000, 0x0000000086000000, 0x0000000086100000|  0%| F|  |TAMS 0x0000000086000000, 0x0000000086000000| Untracked 
|  65|0x0000000086100000, 0x0000000086100000, 0x0000000086200000|  0%| F|  |TAMS 0x0000000086100000, 0x0000000086100000| Untracked 
|  66|0x0000000086200000, 0x0000000086200000, 0x0000000086300000|  0%| F|  |TAMS 0x0000000086200000, 0x0000000086200000| Untracked 
|  67|0x0000000086300000, 0x0000000086300000, 0x0000000086400000|  0%| F|  |TAMS 0x0000000086300000, 0x0000000086300000| Untracked 
|  68|0x0000000086400000, 0x0000000086400000, 0x0000000086500000|  0%| F|  |TAMS 0x0000000086400000, 0x0000000086400000| Untracked 
|  69|0x0000000086500000, 0x0000000086500000, 0x0000000086600000|  0%| F|  |TAMS 0x0000000086500000, 0x0000000086500000| Untracked 
|  70|0x0000000086600000, 0x0000000086600000, 0x0000000086700000|  0%| F|  |TAMS 0x0000000086600000, 0x0000000086600000| Untracked 
|  71|0x0000000086700000, 0x0000000086700000, 0x0000000086800000|  0%| F|  |TAMS 0x0000000086700000, 0x0000000086700000| Untracked 
|  72|0x0000000086800000, 0x0000000086800000, 0x0000000086900000|  0%| F|  |TAMS 0x0000000086800000, 0x0000000086800000| Untracked 
|  73|0x0000000086900000, 0x0000000086900000, 0x0000000086a00000|  0%| F|  |TAMS 0x0000000086900000, 0x0000000086900000| Untracked 
|  74|0x0000000086a00000, 0x0000000086a00000, 0x0000000086b00000|  0%| F|  |TAMS 0x0000000086a00000, 0x0000000086a00000| Untracked 
|  75|0x0000000086b00000, 0x0000000086b00000, 0x0000000086c00000|  0%| F|  |TAMS 0x0000000086b00000, 0x0000000086b00000| Untracked 
|  76|0x0000000086c00000, 0x0000000086c00000, 0x0000000086d00000|  0%| F|  |TAMS 0x0000000086c00000, 0x0000000086c00000| Untracked 
|  77|0x0000000086d00000, 0x0000000086d00000, 0x0000000086e00000|  0%| F|  |TAMS 0x0000000086d00000, 0x0000000086d00000| Untracked 
|  78|0x0000000086e00000, 0x0000000086e00000, 0x0000000086f00000|  0%| F|  |TAMS 0x0000000086e00000, 0x0000000086e00000| Untracked 
|  79|0x0000000086f00000, 0x0000000086f00000, 0x0000000087000000|  0%| F|  |TAMS 0x0000000086f00000, 0x0000000086f00000| Untracked 
|  80|0x0000000087000000, 0x0000000087000000, 0x0000000087100000|  0%| F|  |TAMS 0x0000000087000000, 0x0000000087000000| Untracked 
|  81|0x0000000087100000, 0x0000000087100000, 0x0000000087200000|  0%| F|  |TAMS 0x0000000087100000, 0x0000000087100000| Untracked 
|  82|0x0000000087200000, 0x0000000087200000, 0x0000000087300000|  0%| F|  |TAMS 0x0000000087200000, 0x0000000087200000| Untracked 
|  83|0x0000000087300000, 0x0000000087300000, 0x0000000087400000|  0%| F|  |TAMS 0x0000000087300000, 0x0000000087300000| Untracked 
|  84|0x0000000087400000, 0x0000000087400000, 0x0000000087500000|  0%| F|  |TAMS 0x0000000087400000, 0x0000000087400000| Untracked 
|  85|0x0000000087500000, 0x0000000087500000, 0x0000000087600000|  0%| F|  |TAMS 0x0000000087500000, 0x0000000087500000| Untracked 
|  86|0x0000000087600000, 0x0000000087600000, 0x0000000087700000|  0%| F|  |TAMS 0x0000000087600000, 0x0000000087600000| Untracked 
|  87|0x0000000087700000, 0x0000000087700000, 0x0000000087800000|  0%| F|  |TAMS 0x0000000087700000, 0x0000000087700000| Untracked 
|  88|0x0000000087800000, 0x0000000087800000, 0x0000000087900000|  0%| F|  |TAMS 0x0000000087800000, 0x0000000087800000| Untracked 
|  89|0x0000000087900000, 0x0000000087900000, 0x0000000087a00000|  0%| F|  |TAMS 0x0000000087900000, 0x0000000087900000| Untracked 
|  90|0x0000000087a00000, 0x0000000087a00000, 0x0000000087b00000|  0%| F|  |TAMS 0x0000000087a00000, 0x0000000087a00000| Untracked 
|  91|0x0000000087b00000, 0x0000000087b00000, 0x0000000087c00000|  0%| F|  |TAMS 0x0000000087b00000, 0x0000000087b00000| Untracked 
|  92|0x0000000087c00000, 0x0000000087c00000, 0x0000000087d00000|  0%| F|  |TAMS 0x0000000087c00000, 0x0000000087c00000| Untracked 
|  93|0x0000000087d00000, 0x0000000087d00000, 0x0000000087e00000|  0%| F|  |TAMS 0x0000000087d00000, 0x0000000087d00000| Untracked 
|  94|0x0000000087e00000, 0x0000000087e00000, 0x0000000087f00000|  0%| F|  |TAMS 0x0000000087e00000, 0x0000000087e00000| Untracked 
|  95|0x0000000087f00000, 0x0000000087f00000, 0x0000000088000000|  0%| F|  |TAMS 0x0000000087f00000, 0x0000000087f00000| Untracked 
|  96|0x0000000088000000, 0x0000000088000000, 0x0000000088100000|  0%| F|  |TAMS 0x0000000088000000, 0x0000000088000000| Untracked 
|  97|0x0000000088100000, 0x0000000088100000, 0x0000000088200000|  0%| F|  |TAMS 0x0000000088100000, 0x0000000088100000| Untracked 
|  98|0x0000000088200000, 0x0000000088200000, 0x0000000088300000|  0%| F|  |TAMS 0x0000000088200000, 0x0000000088200000| Untracked 
|  99|0x0000000088300000, 0x0000000088300000, 0x0000000088400000|  0%| F|  |TAMS 0x0000000088300000, 0x0000000088300000| Untracked 
| 100|0x0000000088400000, 0x0000000088400000, 0x0000000088500000|  0%| F|  |TAMS 0x0000000088400000, 0x0000000088400000| Untracked 
| 101|0x0000000088500000, 0x0000000088500000, 0x0000000088600000|  0%| F|  |TAMS 0x0000000088500000, 0x0000000088500000| Untracked 
| 102|0x0000000088600000, 0x0000000088600000, 0x0000000088700000|  0%| F|  |TAMS 0x0000000088600000, 0x0000000088600000| Untracked 
| 103|0x0000000088700000, 0x0000000088700000, 0x0000000088800000|  0%| F|  |TAMS 0x0000000088700000, 0x0000000088700000| Untracked 
| 104|0x0000000088800000, 0x0000000088800000, 0x0000000088900000|  0%| F|  |TAMS 0x0000000088800000, 0x0000000088800000| Untracked 
| 105|0x0000000088900000, 0x0000000088900000, 0x0000000088a00000|  0%| F|  |TAMS 0x0000000088900000, 0x0000000088900000| Untracked 
| 106|0x0000000088a00000, 0x0000000088a00000, 0x0000000088b00000|  0%| F|  |TAMS 0x0000000088a00000, 0x0000000088a00000| Untracked 
| 107|0x0000000088b00000, 0x0000000088b00000, 0x0000000088c00000|  0%| F|  |TAMS 0x0000000088b00000, 0x0000000088b00000| Untracked 
| 108|0x0000000088c00000, 0x0000000088c00000, 0x0000000088d00000|  0%| F|  |TAMS 0x0000000088c00000, 0x0000000088c00000| Untracked 
| 109|0x0000000088d00000, 0x0000000088d00000, 0x0000000088e00000|  0%| F|  |TAMS 0x0000000088d00000, 0x0000000088d00000| Untracked 
| 110|0x0000000088e00000, 0x0000000088e00000, 0x0000000088f00000|  0%| F|  |TAMS 0x0000000088e00000, 0x0000000088e00000| Untracked 
| 111|0x0000000088f00000, 0x0000000088f00000, 0x0000000089000000|  0%| F|  |TAMS 0x0000000088f00000, 0x0000000088f00000| Untracked 
| 112|0x0000000089000000, 0x0000000089000000, 0x0000000089100000|  0%| F|  |TAMS 0x0000000089000000, 0x0000000089000000| Untracked 
| 113|0x0000000089100000, 0x0000000089100000, 0x0000000089200000|  0%| F|  |TAMS 0x0000000089100000, 0x0000000089100000| Untracked 
| 114|0x0000000089200000, 0x0000000089200000, 0x0000000089300000|  0%| F|  |TAMS 0x0000000089200000, 0x0000000089200000| Untracked 
| 115|0x0000000089300000, 0x0000000089300000, 0x0000000089400000|  0%| F|  |TAMS 0x0000000089300000, 0x0000000089300000| Untracked 
| 116|0x0000000089400000, 0x0000000089400000, 0x0000000089500000|  0%| F|  |TAMS 0x0000000089400000, 0x0000000089400000| Untracked 
| 117|0x0000000089500000, 0x0000000089500000, 0x0000000089600000|  0%| F|  |TAMS 0x0000000089500000, 0x0000000089500000| Untracked 
| 118|0x0000000089600000, 0x0000000089600000, 0x0000000089700000|  0%| F|  |TAMS 0x0000000089600000, 0x0000000089600000| Untracked 
| 119|0x0000000089700000, 0x0000000089700000, 0x0000000089800000|  0%| F|  |TAMS 0x0000000089700000, 0x0000000089700000| Untracked 
| 120|0x0000000089800000, 0x0000000089800000, 0x0000000089900000|  0%| F|  |TAMS 0x0000000089800000, 0x0000000089800000| Untracked 
| 121|0x0000000089900000, 0x0000000089900000, 0x0000000089a00000|  0%| F|  |TAMS 0x0000000089900000, 0x0000000089900000| Untracked 
| 122|0x0000000089a00000, 0x0000000089a00000, 0x0000000089b00000|  0%| F|  |TAMS 0x0000000089a00000, 0x0000000089a00000| Untracked 
| 123|0x0000000089b00000, 0x0000000089b00000, 0x0000000089c00000|  0%| F|  |TAMS 0x0000000089b00000, 0x0000000089b00000| Untracked 
| 124|0x0000000089c00000, 0x0000000089c832c0, 0x0000000089d00000| 51%| S|CS|TAMS 0x0000000089c00000, 0x0000000089c00000| Complete 
| 125|0x0000000089d00000, 0x0000000089d00000, 0x0000000089e00000|  0%| F|  |TAMS 0x0000000089d00000, 0x0000000089d00000| Untracked 

Card table byte_map: [0x0000028ebe000000,0x0000028ebe3f0000] _byte_map_base: 0x0000028ebdbf0000

Marking Bits (Prev, Next): (CMBitMap*) 0x0000028ea4c01200, (CMBitMap*) 0x0000028ea4c01240
 Prev Bits: [0x0000028ebe7e0000, 0x0000028ec0760000)
 Next Bits: [0x0000028ec0760000, 0x0000028ec26e0000)

Polling page: 0x0000028ea49a0000

Metaspace:

Usage:
  Non-class:      4.33 MB capacity,     4.29 MB (>99%) used,    37.72 KB ( <1%) free+waste,   704 bytes ( <1%) overhead. 
      Class:    384.00 KB capacity,   375.00 KB ( 98%) used,     8.94 KB (  2%) free+waste,    64 bytes ( <1%) overhead. 
       Both:      4.70 MB capacity,     4.66 MB (>99%) used,    46.66 KB ( <1%) free+waste,   768 bytes ( <1%) overhead. 

Virtual space:
  Non-class space:        8.00 MB reserved,       4.50 MB ( 56%) committed 
      Class space:        1.00 GB reserved,     384.00 KB ( <1%) committed 
             Both:        1.01 GB reserved,       4.88 MB ( <1%) committed 

Chunk freelists:
   Non-Class:  47.00 KB
       Class:  0 bytes
        Both:  47.00 KB

MaxMetaspaceSize: 17179869184.00 GB
CompressedClassSpaceSize: 1.00 GB

CodeHeap 'non-profiled nmethods': size=120000Kb used=17Kb max_used=17Kb free=119982Kb
 bounds [0x0000028eb60c0000, 0x0000028eb6330000, 0x0000028ebd5f0000]
CodeHeap 'profiled nmethods': size=120000Kb used=48Kb max_used=48Kb free=119951Kb
 bounds [0x0000028eaeb90000, 0x0000028eaee00000, 0x0000028eb60c0000]
CodeHeap 'non-nmethods': size=5760Kb used=1083Kb max_used=1083Kb free=4676Kb
 bounds [0x0000028eae5f0000, 0x0000028eae860000, 0x0000028eaeb90000]
 total_blobs=368 nmethods=51 adapters=230
 compilation: enabled
              stopped_count=0, restarted_count=0
 full_count=0

Compilation events (20 events):
Event: 0.122 Thread 0x0000028ec55b44f0 nmethod 27 0x0000028eb60c0a90 code [0x0000028eb60c0c00, 0x0000028eb60c0c58]
Event: 0.122 Thread 0x0000028ec5624bf0 nmethod 28 0x0000028eaeb97e90 code [0x0000028eaeb98040, 0x0000028eaeb98318]
Event: 0.122 Thread 0x0000028ec5624bf0   29       3       jdk.internal.misc.Unsafe::getReferenceAcquire (7 bytes)
Event: 0.122 Thread 0x0000028ec5624bf0 nmethod 29 0x0000028eaeb98410 code [0x0000028eaeb985a0, 0x0000028eaeb986f8]
Event: 0.122 Thread 0x0000028ec5624bf0   30       3       java.util.concurrent.ConcurrentHashMap::spread (10 bytes)
Event: 0.122 Thread 0x0000028ec5624bf0 nmethod 30 0x0000028eaeb98790 code [0x0000028eaeb98920, 0x0000028eaeb98a18]
Event: 0.127 Thread 0x0000028ec5624bf0   31       3       java.util.HashMap::hash (20 bytes)
Event: 0.128 Thread 0x0000028ec5624bf0 nmethod 31 0x0000028eaeb98a90 code [0x0000028eaeb98c40, 0x0000028eaeb98e48]
Event: 0.135 Thread 0x0000028ec5624bf0   33       1       java.lang.Enum::ordinal (5 bytes)
Event: 0.136 Thread 0x0000028ec5624bf0 nmethod 33 0x0000028eb60c1090 code [0x0000028eb60c1220, 0x0000028eb60c12d8]
Event: 0.149 Thread 0x0000028ec5624bf0   43       1       java.lang.Class::getClassLoader0 (5 bytes)
Event: 0.149 Thread 0x0000028ec5624bf0 nmethod 43 0x0000028eb60c3190 code [0x0000028eb60c3320, 0x0000028eb60c33d8]
Event: 0.151 Thread 0x0000028ec5624bf0   45   !   3       java.util.concurrent.ConcurrentHashMap::putVal (432 bytes)
Event: 0.153 Thread 0x0000028ec5624bf0 nmethod 45 0x0000028eaeb98f10 code [0x0000028eaeb99260, 0x0000028eaeb9ad28]
Event: 0.153 Thread 0x0000028ec5624bf0   48       1       java.lang.invoke.MethodType::returnType (5 bytes)
Event: 0.153 Thread 0x0000028ec5624bf0 nmethod 48 0x0000028eb60c4010 code [0x0000028eb60c41a0, 0x0000028eb60c4258]
Event: 0.159 Thread 0x0000028ec5624bf0   50       3       java.lang.String::getBytes (44 bytes)
Event: 0.160 Thread 0x0000028ec5624bf0 nmethod 50 0x0000028eaeb9b710 code [0x0000028eaeb9b8e0, 0x0000028eaeb9bbb8]
Event: 0.160 Thread 0x0000028ec5624bf0   51       3       java.lang.StringLatin1::canEncode (13 bytes)
Event: 0.160 Thread 0x0000028ec5624bf0 nmethod 51 0x0000028eaeb9bd10 code [0x0000028eaeb9bea0, 0x0000028eaeb9bfd8]

GC Heap History (2 events):
Event: 0.160 GC heap before
{Heap before GC invocations=0 (full 0):
 garbage-first heap   total 129024K, used 0K [0x0000000082000000, 0x0000000100000000)
  region size 1024K, 1 young (1024K), 0 survivors (0K)
 Metaspace       used 4769K, capacity 4817K, committed 4992K, reserved 1056768K
  class space    used 375K, capacity 384K, committed 384K, reserved 1048576K
}
Event: 0.164 GC heap after
{Heap after GC invocations=1 (full 0):
 garbage-first heap   total 129024K, used 524K [0x0000000082000000, 0x0000000100000000)
  region size 1024K, 1 young (1024K), 1 survivors (1024K)
 Metaspace       used 4769K, capacity 4817K, committed 4992K, reserved 1056768K
  class space    used 375K, capacity 384K, committed 384K, reserved 1048576K
}

Deoptimization events (0 events):
No events

Classes unloaded (0 events):
No events

Classes redefined (0 events):
No events

Internal exceptions (0 events):
No events

Events (20 events):
Event: 0.156 loading class java/lang/invoke/MethodHandleImpl$IntrinsicMethodHandle done
Event: 0.156 loading class java/lang/invoke/DelegatingMethodHandle$Holder
Event: 0.157 loading class java/lang/invoke/DelegatingMethodHandle$Holder done
Event: 0.157 loading class java/lang/invoke/LambdaFormEditor
Event: 0.157 loading class java/lang/invoke/LambdaFormEditor done
Event: 0.157 loading class java/lang/invoke/LambdaFormEditor$TransformKey
Event: 0.157 loading class java/lang/invoke/LambdaFormEditor$TransformKey done
Event: 0.158 loading class java/lang/invoke/LambdaFormBuffer
Event: 0.158 loading class java/lang/invoke/LambdaFormBuffer done
Event: 0.158 loading class java/lang/invoke/LambdaFormEditor$Transform
Event: 0.158 loading class java/lang/invoke/LambdaFormEditor$Transform done
Event: 0.158 loading class jdk/internal/org/objectweb/asm/Frame
Event: 0.159 loading class jdk/internal/org/objectweb/asm/Frame done
Event: 0.159 loading class java/lang/invoke/InvokerBytecodeGenerator$ClassData
Event: 0.159 loading class java/lang/invoke/InvokerBytecodeGenerator$ClassData done
Event: 0.159 loading class java/util/ArrayList$Itr
Event: 0.159 loading class java/util/ArrayList$Itr done
Event: 0.160 loading class jdk/internal/util/Preconditions
Event: 0.160 loading class jdk/internal/util/Preconditions done
Event: 0.160 Executing VM operation: CollectForMetadataAllocation


Dynamic libraries:
0x00007ff64a790000 - 0x00007ff64a79d000 	C:\Program Files\OpenJDK\jdk-15.0.2\bin\javaw.exe
0x00007ff9f0d20000 - 0x00007ff9f0f10000 	C:\Windows\SYSTEM32\ntdll.dll
0x00007ff9efb90000 - 0x00007ff9efc42000 	C:\Windows\System32\KERNEL32.DLL
0x00007ff9eeac0000 - 0x00007ff9eed65000 	C:\Windows\System32\KERNELBASE.dll
0x00007ff9ee570000 - 0x00007ff9ee66a000 	C:\Windows\System32\ucrtbase.dll
0x00007ff9d84c0000 - 0x00007ff9d84d8000 	C:\Program Files\OpenJDK\jdk-15.0.2\bin\jli.dll
0x00007ff9efea0000 - 0x00007ff9f0034000 	C:\Windows\System32\USER32.dll
0x00007ff9eed70000 - 0x00007ff9eed91000 	C:\Windows\System32\win32u.dll
0x00007ff9f0a50000 - 0x00007ff9f0a76000 	C:\Windows\System32\GDI32.dll
0x00007ff9ee7b0000 - 0x00007ff9ee948000 	C:\Windows\System32\gdi32full.dll
0x00007ff9ee950000 - 0x00007ff9ee9ee000 	C:\Windows\System32\msvcp_win.dll
0x00007ff9d84a0000 - 0x00007ff9d84b9000 	C:\Program Files\OpenJDK\jdk-15.0.2\bin\VCRUNTIME140.dll
0x00007ff9e3350000 - 0x00007ff9e35d4000 	C:\Windows\WinSxS\amd64_microsoft.windows.common-controls_6595b64144ccf1df_6.0.18362.1379_none_9e7ff3b3e45cc0c4\COMCTL32.dll
0x00007ff9efdf0000 - 0x00007ff9efe8e000 	C:\Windows\System32\msvcrt.dll
0x00007ff9eee70000 - 0x00007ff9ef1a7000 	C:\Windows\System32\combase.dll
0x00007ff9f03f0000 - 0x00007ff9f050f000 	C:\Windows\System32\RPCRT4.dll
0x00007ff9ee670000 - 0x00007ff9ee6f1000 	C:\Windows\System32\bcryptPrimitives.dll
0x00007ff9f02f0000 - 0x00007ff9f031e000 	C:\Windows\System32\IMM32.DLL
0x00007ff9e87d0000 - 0x00007ff9e87dc000 	C:\Program Files\OpenJDK\jdk-15.0.2\bin\vcruntime140_1.dll
0x00007ff9d6950000 - 0x00007ff9d69e1000 	C:\Program Files\OpenJDK\jdk-15.0.2\bin\msvcp140.dll
0x00007ff9b3f20000 - 0x00007ff9b4a7e000 	C:\Program Files\OpenJDK\jdk-15.0.2\bin\server\jvm.dll
0x00007ff9f0a80000 - 0x00007ff9f0b23000 	C:\Windows\System32\ADVAPI32.dll
0x00007ff9eedd0000 - 0x00007ff9eee67000 	C:\Windows\System32\sechost.dll
0x00007ff9f0c00000 - 0x00007ff9f0c08000 	C:\Windows\System32\PSAPI.DLL
0x00007ff9dc770000 - 0x00007ff9dc779000 	C:\Windows\SYSTEM32\WSOCK32.dll
0x00007ff9f0320000 - 0x00007ff9f038f000 	C:\Windows\System32\WS2_32.dll
0x00007ff9e59e0000 - 0x00007ff9e5a04000 	C:\Windows\SYSTEM32\WINMM.dll
0x00007ff9e6a00000 - 0x00007ff9e6a0a000 	C:\Windows\SYSTEM32\VERSION.dll
0x00007ff9e59a0000 - 0x00007ff9e59cd000 	C:\Windows\SYSTEM32\WINMMBASE.dll
0x00007ff9ee9f0000 - 0x00007ff9eea3a000 	C:\Windows\System32\cfgmgr32.dll
0x00007ff9edbe0000 - 0x00007ff9edbf1000 	C:\Windows\System32\kernel.appcore.dll
0x00007ff9e84f0000 - 0x00007ff9e84fa000 	C:\Program Files\OpenJDK\jdk-15.0.2\bin\jimage.dll
0x00007ff9e7f60000 - 0x00007ff9e8154000 	C:\Windows\SYSTEM32\DBGHELP.DLL
0x00007ff9e7ed0000 - 0x00007ff9e7efa000 	C:\Windows\SYSTEM32\dbgcore.DLL
0x00007ff9e5790000 - 0x00007ff9e57b5000 	C:\Program Files\OpenJDK\jdk-15.0.2\bin\java.dll
0x00007ff9ef240000 - 0x00007ff9ef928000 	C:\Windows\System32\SHELL32.dll
0x00007ff9f0040000 - 0x00007ff9f00e7000 	C:\Windows\System32\shcore.dll
0x00007ff9eddf0000 - 0x00007ff9ee56b000 	C:\Windows\System32\windows.storage.dll
0x00007ff9edc20000 - 0x00007ff9edc43000 	C:\Windows\System32\profapi.dll
0x00007ff9edc50000 - 0x00007ff9edc9a000 	C:\Windows\System32\powrprof.dll
0x00007ff9edbd0000 - 0x00007ff9edbe0000 	C:\Windows\System32\UMPDC.dll
0x00007ff9efd90000 - 0x00007ff9efde2000 	C:\Windows\System32\shlwapi.dll
0x00007ff9eeaa0000 - 0x00007ff9eeab7000 	C:\Windows\System32\cryptsp.dll

dbghelp: loaded successfully - version: 4.0.5 - missing functions: none
symbol engine: initialized successfully - sym options: 0x614 - pdb path: .;C:\Program Files\OpenJDK\jdk-15.0.2\bin;C:\Windows\SYSTEM32;C:\Windows\WinSxS\amd64_microsoft.windows.common-controls_6595b64144ccf1df_6.0.18362.1379_none_9e7ff3b3e45cc0c4;C:\Program Files\OpenJDK\jdk-15.0.2\bin\server

VM Arguments:
jvm_args: -Dfile.encoding=Cp1252 --module-path=C:\Users\cda\Desktop\CDA\Ptimos\bin -XX:+ShowCodeDetailsInExceptionMessages -Djdk.module.main=Ptimos 
java_command: Ptimos/Ptimos.Hand
java_class_path (initial): <not set>
Launcher Type: SUN_STANDARD

[Global flags]
     intx CICompilerCount                          = 3                                         {product} {ergonomic}
     uint ConcGCThreads                            = 1                                         {product} {ergonomic}
     uint G1ConcRefinementThreads                  = 4                                         {product} {ergonomic}
   size_t G1HeapRegionSize                         = 1048576                                   {product} {ergonomic}
    uintx GCDrainStackTargetSize                   = 64                                        {product} {ergonomic}
   size_t InitialHeapSize                          = 132120576                                 {product} {ergonomic}
   size_t MarkStackSize                            = 4194304                                   {product} {ergonomic}
   size_t MaxHeapSize                              = 2113929216                                {product} {ergonomic}
   size_t MaxNewSize                               = 1267728384                                {product} {ergonomic}
   size_t MinHeapDeltaBytes                        = 1048576                                   {product} {ergonomic}
   size_t MinHeapSize                              = 8388608                                   {product} {ergonomic}
    uintx NonNMethodCodeHeapSize                   = 5832780                                {pd product} {ergonomic}
    uintx NonProfiledCodeHeapSize                  = 122912730                              {pd product} {ergonomic}
    uintx ProfiledCodeHeapSize                     = 122912730                              {pd product} {ergonomic}
    uintx ReservedCodeCacheSize                    = 251658240                              {pd product} {ergonomic}
     bool SegmentedCodeCache                       = true                                      {product} {ergonomic}
     bool ShowCodeDetailsInExceptionMessages       = true                                   {manageable} {command line}
   size_t SoftMaxHeapSize                          = 2113929216                             {manageable} {ergonomic}
     bool UseCompressedClassPointers               = true                                 {lp64_product} {ergonomic}
     bool UseCompressedOops                        = true                                 {lp64_product} {ergonomic}
     bool UseG1GC                                  = true                                      {product} {ergonomic}
     bool UseLargePagesIndividualAllocation        = false                                  {pd product} {ergonomic}

Logging:
Log output configuration:
 #0: stdout all=warning uptime,level,tags
 #1: stderr all=off uptime,level,tags

Environment Variables:
JAVA_HOME=C:\Program Files\OpenJDK\jdk-15.0.2
PATH=C:/Program Files/OpenJDK/jdk-15.0.2/bin/server;C:/Program Files/OpenJDK/jdk-15.0.2/bin;C:\Program Files (x86)\Razer\ChromaBroadcast\bin;C:\Program Files\Razer\ChromaBroadcast\bin;C:\Program Files (x86)\Common Files\Oracle\Java\javapath;C:\Windows\system32;C:\Windows;C:\Windows\System32\Wbem;C:\Windows\System32\WindowsPowerShell\v1.0\;C:\Windows\System32\OpenSSH\;C:\Program Files\Microsoft SQL Server\Client SDK\ODBC\110\Tools\Binn\;C:\Program Files (x86)\Microsoft SQL Server\120\Tools\Binn\;C:\Program Files\Microsoft SQL Server\120\Tools\Binn\;C:\Program Files\Microsoft SQL Server\120\DTS\Binn\;C:\Windows\system32\config\systemprofile\AppData\Local\Microsoft\WindowsApps;C:\ProgramData\chocolatey\bin;C:\Program Files\OpenJDK\jdk-15.0.2\bin;C:\Users\cda\AppData\Local\Microsoft\WindowsApps;;C:\Users\cda\Desktop;
USERNAME=cda
OS=Windows_NT
PROCESSOR_IDENTIFIER=Intel64 Family 6 Model 78 Stepping 3, GenuineIntel



---------------  S Y S T E M  ---------------

OS:
 Windows 10 , 64 bit Build 18362 (10.0.18362.1350)
OS uptime: 3 days 7:47 hours

CPU: total 4 (initial active 4) (2 cores per cpu, 2 threads per core) family 6 model 78 stepping 3 microcode 0xcc, cmov, cx8, fxsr, mmx, sse, sse2, sse3, ssse3, sse4.1, sse4.2, popcnt, vzeroupper, avx, avx2, aes, clmul, erms, rtm, 3dnowpref, lzcnt, ht, tsc, tscinvbit, bmi1, bmi2, adx, fma, clflush, clflushopt

Memory: 4k page, system-wide physical 8059M (1937M free)
TotalPageFile size 32635M (AvailPageFile size 2M)
current process WorkingSet (physical memory assigned to process): 27M, peak: 27M
current process commit charge ("private bytes"): 193M, peak: 194M

vm_info: OpenJDK 64-Bit Server VM (15.0.2+7-27) for windows-amd64 JRE (15.0.2+7-27), built on Dec  7 2020 20:02:38 by "mach5one" with unknown MS VC++:1925

END.
